TN:
SF:src/app/api/events/route.ts
FN:11,POST
FNF:1
FNH:1
FNDA:8,POST
DA:1,1
DA:3,1
DA:4,1
DA:5,1
DA:6,1
DA:8,1
DA:9,1
DA:11,1
DA:12,8
DA:14,8
DA:15,8
DA:16,2
DA:17,2
DA:20,6
DA:21,6
DA:22,5
DA:24,4
DA:25,4
DA:26,4
DA:28,4
DA:30,2
DA:31,2
DA:32,1
DA:34,1
LF:24
LH:24
BRDA:15,0,0,2
BRDA:31,1,0,1
BRDA:31,2,0,2
BRDA:31,2,1,1
BRF:4
BRH:4
end_of_record
TN:
SF:src/app/api/health/route.ts
FN:5,GET
FNF:1
FNH:0
FNDA:0,GET
DA:1,0
DA:2,0
DA:3,0
DA:5,0
DA:6,0
DA:8,0
DA:9,0
DA:11,0
DA:19,0
DA:21,0
DA:30,0
LF:11
LH:0
BRDA:15,0,0,0
BRDA:15,0,1,0
BRDA:25,1,0,0
BRDA:25,1,1,0
BRDA:27,2,0,0
BRDA:27,2,1,0
BRF:6
BRH:0
end_of_record
TN:
SF:src/app/api/metrics/route.ts
FN:4,GET
FNF:1
FNH:0
FNDA:0,GET
DA:1,0
DA:2,0
DA:4,0
DA:5,0
DA:6,0
DA:8,0
DA:13,0
LF:7
LH:0
BRF:0
BRH:0
end_of_record
TN:
SF:src/app/api/stats/route.ts
FN:10,GET
FNF:1
FNH:0
FNDA:0,GET
DA:1,0
DA:2,0
DA:3,0
DA:4,0
DA:5,0
DA:7,0
DA:8,0
DA:10,0
DA:11,0
DA:13,0
DA:14,0
DA:15,0
DA:16,0
DA:19,0
DA:20,0
DA:21,0
DA:22,0
DA:23,0
DA:25,0
DA:26,0
DA:28,0
DA:29,0
LF:22
LH:0
BRDA:14,0,0,0
BRDA:21,1,0,0
BRDA:21,1,1,0
BRDA:22,2,0,0
BRDA:22,2,1,0
BRDA:23,3,0,0
BRDA:23,3,1,0
BRF:7
BRH:0
end_of_record
TN:
SF:src/app/api/stats/daily/route.ts
FN:10,GET
FNF:1
FNH:1
FNDA:6,GET
DA:1,1
DA:2,1
DA:3,1
DA:4,1
DA:5,1
DA:7,1
DA:8,1
DA:10,1
DA:11,6
DA:13,6
DA:14,6
DA:15,2
DA:16,2
DA:19,4
DA:20,4
DA:21,4
DA:22,4
DA:23,4
DA:25,4
DA:26,4
DA:28,0
DA:29,0
LF:22
LH:20
BRDA:14,0,0,2
BRDA:21,1,0,4
BRDA:21,1,1,4
BRDA:22,2,0,4
BRDA:22,2,1,4
BRDA:23,3,0,4
BRDA:23,3,1,4
BRF:7
BRH:7
end_of_record
TN:
SF:src/app/repositories/event.repository.ts
FN:6,(anonymous_0)
FN:13,(anonymous_1)
FNF:2
FNH:2
FNDA:7,(anonymous_0)
FNDA:9,(anonymous_1)
DA:1,3
DA:5,3
DA:7,7
DA:10,7
DA:14,9
LF:5
LH:5
BRDA:21,0,0,9
BRDA:21,0,1,1
BRF:2
BRH:2
end_of_record
TN:
SF:src/app/repositories/stats.repository.ts
FN:6,(anonymous_0)
FN:33,(anonymous_1)
FN:51,(anonymous_2)
FN:59,(anonymous_3)
FN:85,(anonymous_4)
FN:102,(anonymous_5)
FN:107,(anonymous_6)
FNF:7
FNH:3
FNDA:4,(anonymous_0)
FNDA:11,(anonymous_1)
FNDA:2,(anonymous_2)
FNDA:0,(anonymous_3)
FNDA:0,(anonymous_4)
FNDA:0,(anonymous_5)
FNDA:0,(anonymous_6)
DA:1,2
DA:5,2
DA:7,4
DA:9,4
DA:10,0
DA:12,4
DA:13,0
DA:14,0
DA:15,0
DA:17,0
DA:18,0
DA:22,4
DA:31,4
DA:33,4
DA:34,11
DA:35,11
DA:37,11
DA:38,5
DA:47,11
DA:48,11
DA:51,4
DA:52,2
DA:53,0
DA:55,2
DA:60,0
DA:62,0
DA:63,0
DA:65,0
DA:66,0
DA:67,0
DA:68,0
DA:70,0
DA:71,0
DA:75,0
DA:83,0
DA:85,0
DA:86,0
DA:87,0
DA:97,0
DA:98,0
DA:102,0
DA:103,0
DA:104,0
DA:107,0
LF:44
LH:17
BRDA:9,0,0,0
BRDA:12,1,0,0
BRDA:12,2,0,4
BRDA:12,2,1,4
BRDA:14,3,0,0
BRDA:17,4,0,0
BRDA:37,5,0,5
BRDA:52,6,0,0
BRDA:62,7,0,0
BRDA:65,8,0,0
BRDA:65,9,0,0
BRDA:65,9,1,0
BRDA:67,10,0,0
BRDA:70,11,0,0
BRDA:86,12,0,0
BRDA:103,13,0,0
BRDA:103,13,1,0
BRDA:104,14,0,0
BRDA:104,14,1,0
BRF:19
BRH:3
end_of_record
TN:
SF:src/lib/metrics.ts
FN:13,(anonymous_0)
FN:25,(anonymous_1)
FN:32,(anonymous_2)
FN:36,(anonymous_3)
FN:40,(anonymous_4)
FN:44,(anonymous_5)
FN:48,(anonymous_6)
FN:52,(anonymous_7)
FN:56,(anonymous_8)
FN:79,(anonymous_9)
FNF:10
FNH:7
FNDA:2,(anonymous_0)
FNDA:2,(anonymous_1)
FNDA:4,(anonymous_2)
FNDA:4,(anonymous_3)
FNDA:4,(anonymous_4)
FNDA:14,(anonymous_5)
FNDA:6,(anonymous_6)
FNDA:0,(anonymous_7)
FNDA:0,(anonymous_8)
FNDA:0,(anonymous_9)
DA:14,2
DA:26,2
DA:27,2
DA:29,2
DA:33,4
DA:37,4
DA:41,4
DA:45,14
DA:49,6
DA:53,0
DA:57,0
DA:59,0
DA:80,0
DA:92,2
LF:14
LH:10
BRDA:26,0,0,2
BRDA:32,1,0,0
BRDA:36,2,0,0
BRDA:40,3,0,0
BRDA:70,4,0,0
BRDA:70,4,1,0
BRDA:70,5,0,0
BRDA:70,5,1,0
BRDA:70,6,0,0
BRDA:70,6,1,0
BRF:10
BRH:1
end_of_record
TN:
SF:src/lib/prisma.ts
FNF:0
FNH:0
DA:1,0
DA:3,0
DA:7,0
DA:9,0
LF:4
LH:0
BRDA:7,0,0,0
BRDA:7,0,1,0
BRDA:7,1,0,0
BRDA:7,1,1,0
BRDA:9,2,0,0
BRF:5
BRH:0
end_of_record
TN:
SF:src/lib/middleware/auth.middleware.ts
FN:3,validateApiKey
FNF:1
FNH:1
FNDA:14,validateApiKey
DA:3,2
DA:4,14
DA:6,14
DA:7,2
DA:10,12
DA:11,12
DA:12,0
DA:15,12
DA:16,2
DA:19,10
LF:10
LH:9
BRDA:4,0,0,14
BRDA:4,0,1,14
BRDA:4,1,0,2
BRDA:4,1,1,12
BRDA:4,2,0,14
BRDA:4,2,1,12
BRDA:6,3,0,2
BRDA:11,4,0,0
BRDA:15,5,0,2
BRF:9
BRH:8
end_of_record
TN:
SF:src/lib/validators/event.validator.ts
FN:4,validateEvent
FNF:1
FNH:1
FNDA:30,validateEvent
DA:2,3
DA:4,3
DA:5,30
DA:6,2
DA:9,28
DA:11,28
DA:12,11
DA:15,17
DA:16,1
DA:19,16
LF:10
LH:10
BRDA:5,0,0,2
BRDA:5,1,0,30
BRDA:5,1,1,28
BRDA:11,2,0,11
BRDA:11,3,0,28
BRDA:11,3,1,21
BRDA:11,3,2,20
BRDA:11,3,3,19
BRDA:11,3,4,18
BRDA:15,4,0,1
BRF:10
BRH:10
end_of_record
TN:
SF:src/services/event.service.ts
FN:6,(anonymous_0)
FN:8,(anonymous_1)
FNF:2
FNH:2
FNDA:7,(anonymous_0)
FNDA:11,(anonymous_1)
DA:3,2
DA:5,2
DA:6,7
DA:9,11
DA:15,11
DA:16,2
DA:19,9
DA:20,14
DA:21,14
DA:22,14
DA:23,4
DA:24,4
DA:27,10
DA:28,10
DA:29,2
DA:30,2
DA:33,8
DA:34,7
DA:36,1
DA:40,9
LF:20
LH:20
BRDA:15,0,0,2
BRDA:15,1,0,11
BRDA:15,1,1,9
BRDA:22,2,0,4
BRDA:28,3,0,2
BRF:5
BRH:5
end_of_record
TN:
SF:src/services/stats.service.ts
FN:5,(anonymous_0)
FN:7,(anonymous_1)
FN:16,(anonymous_2)
FNF:3
FNH:2
FNDA:4,(anonymous_0)
FNDA:7,(anonymous_1)
FNDA:0,(anonymous_2)
DA:4,2
DA:5,4
DA:8,7
DA:13,6
DA:17,0
DA:22,0
LF:6
LH:4
BRDA:9,0,0,7
BRDA:9,0,1,7
BRDA:10,1,0,7
BRDA:10,1,1,7
BRDA:11,2,0,7
BRDA:11,2,1,7
BRDA:18,3,0,0
BRDA:18,3,1,0
BRDA:19,4,0,0
BRDA:19,4,1,0
BRDA:20,5,0,0
BRDA:20,5,1,0
BRF:12
BRH:6
end_of_record
